<?xml version="1.0" encoding="UTF-8"?><testrun name="TestRunner" project="cucumber" tests="1" started="1" failures="0" errors="2" ignored="0">
  <testsuite name="cucumber.Options.TestRunner" time="0.2">
    <testsuite name="Login to actitime" time="0.2">
      <testcase name="Login with valid user id and password" classname="Login to actitime" time="0.2">
        <error>java.lang.IllegalStateException: The driver executable does not exist: C:\Users\manis\OneDrive\Desktop\ManishaProject\cucumber\.\driver\chromedriver.exe&#13;
	at com.google.common.base.Preconditions.checkState(Preconditions.java:585)&#13;
	at org.openqa.selenium.remote.service.DriverService.checkExecutable(DriverService.java:146)&#13;
	at org.openqa.selenium.remote.service.DriverService.findExecutable(DriverService.java:141)&#13;
	at org.openqa.selenium.chrome.ChromeDriverService.access$000(ChromeDriverService.java:35)&#13;
	at org.openqa.selenium.chrome.ChromeDriverService$Builder.findDefaultExecutable(ChromeDriverService.java:159)&#13;
	at org.openqa.selenium.remote.service.DriverService$Builder.build(DriverService.java:355)&#13;
	at org.openqa.selenium.chrome.ChromeDriverService.createDefaultService(ChromeDriverService.java:94)&#13;
	at org.openqa.selenium.chrome.ChromeDriver.&lt;init&gt;(ChromeDriver.java:123)&#13;
	at StepDefinition.definition1.LaunchB(definition1.java:20)&#13;
&#13;
java.lang.NullPointerException: Cannot invoke "org.openqa.selenium.WebDriver.close()" because "this.driver" is null&#13;
	at StepDefinition.definition1.CloseB(definition1.java:26)&#13;
&#13;
</error>
      </testcase>
    </testsuite>
  </testsuite>
</testrun>
